<?xml version="1.0" encoding="UTF-8"?>
<!-- Generated by org.testng.reporters.JUnitXMLReporter -->
<testsuite hostname="DESKTOP-QNHJ5Q7" name="Test" tests="4" failures="0" timestamp="7 Dec 2022 06:19:00 GMT" time="49.699" errors="0">
  <testcase name="verifyLoginWithInValidUser" time="10.467" classname="ddtNopCom.NOPCommLoginTest"/>
  <testcase name="verifyLoginWithInValidUser" time="9.99" classname="ddtNopCom.NOPCommLoginTest"/>
  <testcase name="verifyLoginWithInValidUser" time="9.864" classname="ddtNopCom.NOPCommLoginTest"/>
  <testcase name="verifyLoginWithInValidUser" time="9.785" classname="ddtNopCom.NOPCommLoginTest"/>
</testsuite> <!-- Test -->
