<?xml version="1.0" encoding="UTF-8"?>
<testng-results skipped="0" failed="0" total="2" passed="2">
  <reporter-output>
  </reporter-output>
  <suite name="Suite" duration-ms="39121" started-at="2023-01-10T03:24:41Z" finished-at="2023-01-10T03:25:20Z">
    <groups>
      <group name="Sanity">
        <method signature="LoginPageTest.loginTest()[pri:0, instance:com.mystore.testcases.LoginPageTest@21bcffb5]" name="loginTest" class="com.mystore.testcases.LoginPageTest"/>
      </group> <!-- Sanity -->
      <group name="Smoke">
        <method signature="LoginPageTest.loginTest()[pri:0, instance:com.mystore.testcases.LoginPageTest@21bcffb5]" name="loginTest" class="com.mystore.testcases.LoginPageTest"/>
      </group> <!-- Smoke -->
    </groups>
    <test name="Test_All" duration-ms="39121" started-at="2023-01-10T03:24:41Z" finished-at="2023-01-10T03:25:20Z">
      <class name="com.mystore.testcases.LoginPageTest">
        <test-method status="PASS" signature="loadConfig()[pri:0, instance:com.mystore.testcases.LoginPageTest@21bcffb5]" name="loadConfig" is-config="true" duration-ms="489" started-at="2023-01-09T19:24:41Z" finished-at="2023-01-09T19:24:41Z">
          <reporter-output>
          </reporter-output>
        </test-method> <!-- loadConfig -->
        <test-method status="PASS" signature="setup(java.lang.String)[pri:0, instance:com.mystore.testcases.LoginPageTest@21bcffb5]" name="setup" is-config="true" duration-ms="4662" started-at="2023-01-09T19:24:41Z" finished-at="2023-01-09T19:24:46Z">
          <params>
            <param index="0">
              <value>
                <![CDATA[Chrome]]>
              </value>
            </param>
          </params>
          <reporter-output>
          </reporter-output>
        </test-method> <!-- setup -->
        <test-method status="PASS" signature="loginTest()[pri:0, instance:com.mystore.testcases.LoginPageTest@21bcffb5]" name="loginTest" duration-ms="2721" started-at="2023-01-09T19:24:46Z" finished-at="2023-01-09T19:24:49Z">
          <reporter-output>
          </reporter-output>
        </test-method> <!-- loginTest -->
        <test-method status="PASS" signature="tearDown()[pri:0, instance:com.mystore.testcases.LoginPageTest@21bcffb5]" name="tearDown" is-config="true" duration-ms="874" started-at="2023-01-09T19:24:49Z" finished-at="2023-01-09T19:24:49Z">
          <reporter-output>
          </reporter-output>
        </test-method> <!-- tearDown -->
        <test-method status="PASS" signature="afterSuite()[pri:0, instance:com.mystore.testcases.LoginPageTest@21bcffb5]" name="afterSuite" is-config="true" duration-ms="506" started-at="2023-01-09T19:25:20Z" finished-at="2023-01-09T19:25:21Z">
          <reporter-output>
          </reporter-output>
        </test-method> <!-- afterSuite -->
      </class> <!-- com.mystore.testcases.LoginPageTest -->
      <class name="com.mystore.testcases.HomePageTest">
        <test-method status="PASS" signature="setup(java.lang.String)[pri:0, instance:com.mystore.testcases.HomePageTest@380fb434]" name="setup" is-config="true" duration-ms="2244" started-at="2023-01-09T19:24:49Z" finished-at="2023-01-09T19:24:52Z">
          <params>
            <param index="0">
              <value>
                <![CDATA[Chrome]]>
              </value>
            </param>
          </params>
          <reporter-output>
          </reporter-output>
        </test-method> <!-- setup -->
        <test-method status="PASS" signature="HomePageValidations()[pri:1, instance:com.mystore.testcases.HomePageTest@380fb434]" name="HomePageValidations" duration-ms="27784" started-at="2023-01-09T19:24:52Z" finished-at="2023-01-09T19:25:19Z">
          <reporter-output>
          </reporter-output>
        </test-method> <!-- HomePageValidations -->
        <test-method status="PASS" signature="tearDown()[pri:0, instance:com.mystore.testcases.HomePageTest@380fb434]" name="tearDown" is-config="true" duration-ms="807" started-at="2023-01-09T19:25:19Z" finished-at="2023-01-09T19:25:20Z">
          <reporter-output>
          </reporter-output>
        </test-method> <!-- tearDown -->
      </class> <!-- com.mystore.testcases.HomePageTest -->
    </test> <!-- Test_All -->
  </suite> <!-- Suite -->
</testng-results>
