<?xml version="1.0" encoding="UTF-8"?>
<!-- Generated by org.testng.reporters.JUnitXMLReporter -->
<testsuite hostname="DESKTOP-QNHJ5Q7" ignored="0" name="Test" tests="4" failures="0" timestamp="2022-12-11T21:55:27 PST" time="69.854" errors="0">
  <testcase name="verifyLoginWithInValidUser" time="10.596" classname="ddtNopCom.NOPCommLoginTest"/>
  <testcase name="verifyLoginWithInValidUser" time="9.844" classname="ddtNopCom.NOPCommLoginTest"/>
  <testcase name="verifyLoginWithInValidUser" time="9.79" classname="ddtNopCom.NOPCommLoginTest"/>
  <testcase name="verifyLoginWithInValidUser" time="9.778" classname="ddtNopCom.NOPCommLoginTest"/>
</testsuite> <!-- Test -->
