<?xml version="1.0" encoding="UTF-8"?>
<!-- Generated by org.testng.reporters.JUnitXMLReporter -->
<testsuite hostname="IBM-PF3PENRP" name="Test_All(failed)" tests="1" failures="1" timestamp="5 Jan 2023 09:57:26 GMT" time="5.241" errors="0">
  <testcase name="@AfterMethod loginTest" time="0.0" classname="com.mystore.testcases.LoginPageTest">
    <failure type="java.lang.NullPointerException">
      <![CDATA[java.lang.NullPointerException
	at com.mystore.testcases.LoginPageTest.loginTest(LoginPageTest.java:46)
... Removed 26 stack frames]]>
    </failure>
  </testcase> <!-- @AfterMethod loginTest -->
  <testcase name="loginTest" time="0.089" classname="com.mystore.testcases.LoginPageTest">
    <failure type="java.lang.NullPointerException">
      <![CDATA[java.lang.NullPointerException
	at com.mystore.testcases.LoginPageTest.loginTest(LoginPageTest.java:46)
... Removed 24 stack frames]]>
    </failure>
  </testcase> <!-- loginTest -->
</testsuite> <!-- Test_All(failed) -->
