<?xml version="1.0" encoding="UTF-8"?>
<testsuite xmlns:xsi="http://www.w3.org/2001/XMLSchema-instance" xsi:noNamespaceSchemaLocation="https://maven.apache.org/surefire/maven-surefire-plugin/xsd/surefire-test-report-3.0.xsd" version="3.0" name="TestSuite" time="70.479" tests="4" errors="0" skipped="0" failures="0">
  <properties>
[...]
</properties>
  <testcase name="verifyLoginWithInValidUser[abiramiRegsssion@google.com, demo@123](1)" classname="ddtNopCom.NOPCommLoginTest" time="10.571">
    <system-out><![CDATA[<html lang="en" dir="ltr" class="html-login-page"><head>
<title>Your store. Login</title>
<meta http-equiv="Content-type" content="text/html;charset=UTF-8">
<meta name="description" content="">
<meta name="keywords" content="">
<meta name="generator" content="nopCommerce">
<meta name="viewport" content="width=device-width, initial-scale=1">
<link rel="stylesheet" type="text/css" href="/css/Login.Head.styles.css?v=ENuGw4-imkFZ7q-8CfNy3d2tAN4">

</head>
<body>
<div class="ajax-loading-block-window" style="display: none">
</div>
<div id="dialog-notifications-success" title="Notification" style="display:none;">
</div>
<div id="dialog-notifications-error" title="Error" style="display:none;">
</div>
<div id="dialog-notifications-warning" title="Warning" style="display:none;">
</div>
<div id="bar-notification" class="bar-notification-container" data-close="Close">
</div>
<!--[if lte IE 8]>
    <div style="clear:both;height:59px;text-align:center;position:relative;">
        <a href="http://www.microsoft.com/windows/internet-explorer/default.aspx" target="_blank">
            <img src="/Themes/DefaultClean/Content/images/ie_warning.jpg" height="42" width="820" alt="You are using an outdated browser. For a faster, safer browsing experience, upgrade for free today." />
        </a>
    </div>
<![endif]--><div class="master-wrapper-page">
<div class="master-wrapper-content">
<div class="master-column-wrapper">
<div class="center-1">
<div class="page login-page">
<div class="page-title">
<h1>Admin area demo</h1>
</div>
<div class="page-body">
<div class="customer-blocks">
<div class="returning-wrapper fieldset">
<form method="post" autocomplete="off" action="/login?returnurl=%2Fadmin%2F" novalidate="novalidate">
<div class="message-error validation-summary-errors">Login was unsuccessful. Please correct the errors and try again.<ul><li>No customer account found</li>
</ul></div>
<div class="title">
<strong>Welcome, please sign in!</strong>
</div>
<div class="form-fields">
<div class="inputs">
<label for="Email">Email:</label>
<input class="email" value="admin@yourstore.com" autofocus="autofocus" type="email" data-val="true" data-val-email="Wrong email" data-val-required="Please enter your email" id="Email" name="Email">
<span class="field-validation-valid" data-valmsg-for="Email" data-valmsg-replace="true"></span>
</div>
<div class="inputs">
<label for="Password">Password:</label>
<input value="admin" class="password" type="password" id="Password" name="Password">
<span class="field-validation-valid" data-valmsg-for="Password" data-valmsg-replace="true"></span>
</div>
<div class="inputs reversed">
<input type="checkbox" checked="checked" data-val="true" data-val-required="The Remember me? field is required." id="RememberMe" name="RememberMe" value="true">
<label for="RememberMe">Remember me?</label>
</div>
</div>
<div class="buttons">
<button type="submit" class="button-1 login-button">Log in</button>
</div>
<input name="__RequestVerificationToken" type="hidden" value="CfDJ8Bq6ZBwazYtNnockgyFPnpkTPow3MSgiB27nMbMR1t-qZ5h4K69vkxj3My3hNlK6e84wEpQbH8j_2HS1VW9v-vXt4jFiu_b-ezOu-jCZUn_yGlhRdbzzfBTY7ET2O9_vd-JciCiqzgYh7DDKMbhdy9g"><input name="RememberMe" type="hidden" value="false"></form>
</div>
</div>
<div class="topic-block">
<div class="topic-block-title">
<h2>Defaults for admin area</h2>
</div>
<div class="topic-block-body">
<p>Admin email: admin@yourstore.com <br>Admin password: admin </p>
</div>
</div>
</div>
</div>
</div>
</div>
</div>
</div>
<script type="text/javascript" src="/js/Login.Footer.scripts.js?v=8vxsji3jwROlF7m2FUrdMCqN6yo"></script>

</body></html>
]]></system-out>
    <system-err><![CDATA[SLF4J: No SLF4J providers were found.
SLF4J: Defaulting to no-operation (NOP) logger implementation
SLF4J: See https://www.slf4j.org/codes.html#noProviders for further details.
Starting ChromeDriver 108.0.5359.71 (1e0e3868ee06e91ad636a874420e3ca3ae3756ac-refs/branch-heads/5359@{#1016}) on port 12174
Only local connections are allowed.
Please see https://chromedriver.chromium.org/security-considerations for suggestions on keeping ChromeDriver safe.
ChromeDriver was started successfully.
Dec 11, 2022 9:54:24 PM org.openqa.selenium.remote.ProtocolHandshake createSession
INFO: Detected dialect: W3C
]]></system-err>
  </testcase>
  <testcase name="verifyLoginWithInValidUser[KritikaRegsssion@yahoo.com, password](2)" classname="ddtNopCom.NOPCommLoginTest" time="9.831">
    <system-out><![CDATA[<html lang="en" dir="ltr" class="html-login-page"><head>
<title>Your store. Login</title>
<meta http-equiv="Content-type" content="text/html;charset=UTF-8">
<meta name="description" content="">
<meta name="keywords" content="">
<meta name="generator" content="nopCommerce">
<meta name="viewport" content="width=device-width, initial-scale=1">
<link rel="stylesheet" type="text/css" href="/css/Login.Head.styles.css?v=ENuGw4-imkFZ7q-8CfNy3d2tAN4">

</head>
<body>
<div class="ajax-loading-block-window" style="display: none">
</div>
<div id="dialog-notifications-success" title="Notification" style="display:none;">
</div>
<div id="dialog-notifications-error" title="Error" style="display:none;">
</div>
<div id="dialog-notifications-warning" title="Warning" style="display:none;">
</div>
<div id="bar-notification" class="bar-notification-container" data-close="Close">
</div>
<!--[if lte IE 8]>
    <div style="clear:both;height:59px;text-align:center;position:relative;">
        <a href="http://www.microsoft.com/windows/internet-explorer/default.aspx" target="_blank">
            <img src="/Themes/DefaultClean/Content/images/ie_warning.jpg" height="42" width="820" alt="You are using an outdated browser. For a faster, safer browsing experience, upgrade for free today." />
        </a>
    </div>
<![endif]--><div class="master-wrapper-page">
<div class="master-wrapper-content">
<div class="master-column-wrapper">
<div class="center-1">
<div class="page login-page">
<div class="page-title">
<h1>Admin area demo</h1>
</div>
<div class="page-body">
<div class="customer-blocks">
<div class="returning-wrapper fieldset">
<form method="post" autocomplete="off" action="/login?returnurl=%2Fadmin%2F" novalidate="novalidate">
<div class="message-error validation-summary-errors">Login was unsuccessful. Please correct the errors and try again.<ul><li>No customer account found</li>
</ul></div>
<div class="title">
<strong>Welcome, please sign in!</strong>
</div>
<div class="form-fields">
<div class="inputs">
<label for="Email">Email:</label>
<input class="email" value="admin@yourstore.com" autofocus="autofocus" type="email" data-val="true" data-val-email="Wrong email" data-val-required="Please enter your email" id="Email" name="Email">
<span class="field-validation-valid" data-valmsg-for="Email" data-valmsg-replace="true"></span>
</div>
<div class="inputs">
<label for="Password">Password:</label>
<input value="admin" class="password" type="password" id="Password" name="Password">
<span class="field-validation-valid" data-valmsg-for="Password" data-valmsg-replace="true"></span>
</div>
<div class="inputs reversed">
<input type="checkbox" data-val="true" data-val-required="The Remember me? field is required." id="RememberMe" name="RememberMe" value="true">
<label for="RememberMe">Remember me?</label>
</div>
</div>
<div class="buttons">
<button type="submit" class="button-1 login-button">Log in</button>
</div>
<input name="__RequestVerificationToken" type="hidden" value="CfDJ8Bq6ZBwazYtNnockgyFPnplzpQboNEqUVDvIOhOAKJ43m6koglPXe-nTsK7-KeoCbluqcSdayvjKXsAMfHB-Nq6ywmbLrVkdDE-925W_qhmZ9__aQ6aNqDWkox4tIwF_mEdgwh8tFMJ7E3JeEu4WiUg"><input name="RememberMe" type="hidden" value="false"></form>
</div>
</div>
<div class="topic-block">
<div class="topic-block-title">
<h2>Defaults for admin area</h2>
</div>
<div class="topic-block-body">
<p>Admin email: admin@yourstore.com <br>Admin password: admin </p>
</div>
</div>
</div>
</div>
</div>
</div>
</div>
</div>
<script type="text/javascript" src="/js/Login.Footer.scripts.js?v=8vxsji3jwROlF7m2FUrdMCqN6yo"></script>

</body></html>
]]></system-out>
  </testcase>
  <testcase name="verifyLoginWithInValidUser[PriyankaRegsssion@gmail.com, password](3)" classname="ddtNopCom.NOPCommLoginTest" time="9.789">
    <system-out><![CDATA[<html lang="en" dir="ltr" class="html-login-page"><head>
<title>Your store. Login</title>
<meta http-equiv="Content-type" content="text/html;charset=UTF-8">
<meta name="description" content="">
<meta name="keywords" content="">
<meta name="generator" content="nopCommerce">
<meta name="viewport" content="width=device-width, initial-scale=1">
<link rel="stylesheet" type="text/css" href="/css/Login.Head.styles.css?v=ENuGw4-imkFZ7q-8CfNy3d2tAN4">

</head>
<body>
<div class="ajax-loading-block-window" style="display: none">
</div>
<div id="dialog-notifications-success" title="Notification" style="display:none;">
</div>
<div id="dialog-notifications-error" title="Error" style="display:none;">
</div>
<div id="dialog-notifications-warning" title="Warning" style="display:none;">
</div>
<div id="bar-notification" class="bar-notification-container" data-close="Close">
</div>
<!--[if lte IE 8]>
    <div style="clear:both;height:59px;text-align:center;position:relative;">
        <a href="http://www.microsoft.com/windows/internet-explorer/default.aspx" target="_blank">
            <img src="/Themes/DefaultClean/Content/images/ie_warning.jpg" height="42" width="820" alt="You are using an outdated browser. For a faster, safer browsing experience, upgrade for free today." />
        </a>
    </div>
<![endif]--><div class="master-wrapper-page">
<div class="master-wrapper-content">
<div class="master-column-wrapper">
<div class="center-1">
<div class="page login-page">
<div class="page-title">
<h1>Admin area demo</h1>
</div>
<div class="page-body">
<div class="customer-blocks">
<div class="returning-wrapper fieldset">
<form method="post" autocomplete="off" action="/login?returnurl=%2Fadmin%2F" novalidate="novalidate">
<div class="message-error validation-summary-errors">Login was unsuccessful. Please correct the errors and try again.<ul><li>No customer account found</li>
</ul></div>
<div class="title">
<strong>Welcome, please sign in!</strong>
</div>
<div class="form-fields">
<div class="inputs">
<label for="Email">Email:</label>
<input class="email" value="admin@yourstore.com" autofocus="autofocus" type="email" data-val="true" data-val-email="Wrong email" data-val-required="Please enter your email" id="Email" name="Email">
<span class="field-validation-valid" data-valmsg-for="Email" data-valmsg-replace="true"></span>
</div>
<div class="inputs">
<label for="Password">Password:</label>
<input value="admin" class="password" type="password" id="Password" name="Password">
<span class="field-validation-valid" data-valmsg-for="Password" data-valmsg-replace="true"></span>
</div>
<div class="inputs reversed">
<input type="checkbox" checked="checked" data-val="true" data-val-required="The Remember me? field is required." id="RememberMe" name="RememberMe" value="true">
<label for="RememberMe">Remember me?</label>
</div>
</div>
<div class="buttons">
<button type="submit" class="button-1 login-button">Log in</button>
</div>
<input name="__RequestVerificationToken" type="hidden" value="CfDJ8Bq6ZBwazYtNnockgyFPnpna3H5SnQVpxXPzFbJyTnQC6q71-yB8t1USfwfJ5eyYDp49fFRDgYjP1dX98Rtzb7zFyzCZi-6_6NMl7bnpQ36EcYiMJjqWUMr9ORtWxY10NlBml-2Cxaku7mdsi8w4bkg"><input name="RememberMe" type="hidden" value="false"></form>
</div>
</div>
<div class="topic-block">
<div class="topic-block-title">
<h2>Defaults for admin area</h2>
</div>
<div class="topic-block-body">
<p>Admin email: admin@yourstore.com <br>Admin password: admin </p>
</div>
</div>
</div>
</div>
</div>
</div>
</div>
</div>
<script type="text/javascript" src="/js/Login.Footer.scripts.js?v=8vxsji3jwROlF7m2FUrdMCqN6yo"></script>

</body></html>
]]></system-out>
  </testcase>
  <testcase name="verifyLoginWithInValidUser[sidRegsssion@gmail.com, password](4)" classname="ddtNopCom.NOPCommLoginTest" time="9.778">
    <system-out><![CDATA[<html lang="en" dir="ltr" class="html-login-page"><head>
<title>Your store. Login</title>
<meta http-equiv="Content-type" content="text/html;charset=UTF-8">
<meta name="description" content="">
<meta name="keywords" content="">
<meta name="generator" content="nopCommerce">
<meta name="viewport" content="width=device-width, initial-scale=1">
<link rel="stylesheet" type="text/css" href="/css/Login.Head.styles.css?v=ENuGw4-imkFZ7q-8CfNy3d2tAN4">

</head>
<body>
<div class="ajax-loading-block-window" style="display: none">
</div>
<div id="dialog-notifications-success" title="Notification" style="display:none;">
</div>
<div id="dialog-notifications-error" title="Error" style="display:none;">
</div>
<div id="dialog-notifications-warning" title="Warning" style="display:none;">
</div>
<div id="bar-notification" class="bar-notification-container" data-close="Close">
</div>
<!--[if lte IE 8]>
    <div style="clear:both;height:59px;text-align:center;position:relative;">
        <a href="http://www.microsoft.com/windows/internet-explorer/default.aspx" target="_blank">
            <img src="/Themes/DefaultClean/Content/images/ie_warning.jpg" height="42" width="820" alt="You are using an outdated browser. For a faster, safer browsing experience, upgrade for free today." />
        </a>
    </div>
<![endif]--><div class="master-wrapper-page">
<div class="master-wrapper-content">
<div class="master-column-wrapper">
<div class="center-1">
<div class="page login-page">
<div class="page-title">
<h1>Admin area demo</h1>
</div>
<div class="page-body">
<div class="customer-blocks">
<div class="returning-wrapper fieldset">
<form method="post" autocomplete="off" action="/login?returnurl=%2Fadmin%2F" novalidate="novalidate">
<div class="message-error validation-summary-errors">Login was unsuccessful. Please correct the errors and try again.<ul><li>No customer account found</li>
</ul></div>
<div class="title">
<strong>Welcome, please sign in!</strong>
</div>
<div class="form-fields">
<div class="inputs">
<label for="Email">Email:</label>
<input class="email" value="admin@yourstore.com" autofocus="autofocus" type="email" data-val="true" data-val-email="Wrong email" data-val-required="Please enter your email" id="Email" name="Email">
<span class="field-validation-valid" data-valmsg-for="Email" data-valmsg-replace="true"></span>
</div>
<div class="inputs">
<label for="Password">Password:</label>
<input value="admin" class="password" type="password" id="Password" name="Password">
<span class="field-validation-valid" data-valmsg-for="Password" data-valmsg-replace="true"></span>
</div>
<div class="inputs reversed">
<input type="checkbox" data-val="true" data-val-required="The Remember me? field is required." id="RememberMe" name="RememberMe" value="true">
<label for="RememberMe">Remember me?</label>
</div>
</div>
<div class="buttons">
<button type="submit" class="button-1 login-button">Log in</button>
</div>
<input name="__RequestVerificationToken" type="hidden" value="CfDJ8Bq6ZBwazYtNnockgyFPnpk3ptyI5ZvZijidl5Dxzr_Od7pi-y-cNnxIpLjYxGm05NGut3h_O2c61tH1J8uXaZJrNi0LnoCKVxokRMmxuFMcuSt6C-vdW2s5RWRcKuDZD9UslqhWTyNIOmLCig45V74"><input name="RememberMe" type="hidden" value="false"></form>
</div>
</div>
<div class="topic-block">
<div class="topic-block-title">
<h2>Defaults for admin area</h2>
</div>
<div class="topic-block-body">
<p>Admin email: admin@yourstore.com <br>Admin password: admin </p>
</div>
</div>
</div>
</div>
</div>
</div>
</div>
</div>
<script type="text/javascript" src="/js/Login.Footer.scripts.js?v=8vxsji3jwROlF7m2FUrdMCqN6yo"></script>

</body></html>
]]></system-out>
  </testcase>
</testsuite>