<?xml version="1.0" encoding="UTF-8"?>
<testng-results skipped="0" failed="0" total="1" passed="1">
  <reporter-output>
  </reporter-output>
  <suite name="Default suite" duration-ms="6144" started-at="2022-12-21T07:37:39Z" finished-at="2022-12-21T07:37:45Z">
    <groups>
    </groups>
    <test name="Default test" duration-ms="6144" started-at="2022-12-21T07:37:39Z" finished-at="2022-12-21T07:37:45Z">
      <class name="restAssured.ExerciseApi">
        <test-method status="PASS" signature="verifyCreateuserTest()[pri:0, instance:restAssured.ExerciseApi@3796751b]" name="verifyCreateuserTest" duration-ms="6109" started-at="2022-12-20T23:37:39Z" finished-at="2022-12-20T23:37:45Z">
          <reporter-output>
          </reporter-output>
        </test-method> <!-- verifyCreateuserTest -->
      </class> <!-- restAssured.ExerciseApi -->
    </test> <!-- Default test -->
  </suite> <!-- Default suite -->
</testng-results>
